<?xml version="1.0" encoding="UTF-8"?>
<testsuite xmlns:xsi="http://www.w3.org/2001/XMLSchema-instance" xsi:noNamespaceSchemaLocation="https://maven.apache.org/surefire/maven-surefire-plugin/xsd/surefire-test-report.xsd" name="com.demo.controller.TransactionControllerTest" time="3.228" tests="5" errors="0" skipped="0" failures="0">
  <properties>
[...]
</properties>
  <testcase name="testException" classname="com.demo.controller.TransactionControllerTest" time="0.125"/>
  <testcase name="testReversedCompareCSVTransactionRecords" classname="com.demo.controller.TransactionControllerTest" time="0.455"/>
  <testcase name="testInvalidCSVException" classname="com.demo.controller.TransactionControllerTest" time="0.019"/>
  <testcase name="testCompareCSVTransactionRecords" classname="com.demo.controller.TransactionControllerTest" time="0.025"/>
  <testcase name="testIOException" classname="com.demo.controller.TransactionControllerTest" time="0.006"/>
</testsuite>